# JRE version: OpenJDK Runtime Environment (21.0.3) (build 21.0.3+-12282718-b509.11)
# Java VM: OpenJDK 64-Bit Server VM (21.0.3+-12282718-b509.11, mixed mode, tiered, compressed oops, compressed class ptrs, g1 gc, windows-amd64)
GC Precious Log:
 CardTable entry size: 512
 Card Set container configuration: InlinePtr #cards 5 size 8 Array Of Cards #cards 12 size 40 Howl #buckets 4 coarsen threshold 1843 Howl Bitmap #cards 512 size 80 coarsen threshold 460 Card regions per heap region 1 cards per card region 2048
 CPUs: 32 total, 32 available
 Memory: 65372M
 Large Page Support: Disabled
 NUMA Support: Disabled
 Compressed Oops: Enabled (32-bit)
 Heap Region Size: 1M
 Heap Min Capacity: 8M
 Heap Initial Capacity: 1022M
 Heap Max Capacity: 2G
 Pre-touch: Disabled
 Parallel Workers: 23
 Concurrent Workers: 6
 Concurrent Refinement Workers: 23
 Periodic GC: Disabled
Heap:
 garbage-first heap   total 87040K, used 73931K [0x0000000080000000, 0x0000000100000000)
  region size 1024K, 46 young (47104K), 3 survivors (3072K)
 Metaspace       used 46453K, committed 47616K, reserved 1114112K
  class space    used 6253K, committed 6848K, reserved 1048576K
GC Heap History (15 events):
Event: 0.432 GC heap before
{Heap before GC invocations=0 (full 0):
 garbage-first heap   total 1046528K, used 55296K [0x0000000080000000, 0x0000000100000000)
  region size 1024K, 51 young (52224K), 0 survivors (0K)
 Metaspace       used 12122K, committed 12352K, reserved 1114112K
  class space    used 1279K, committed 1408K, reserved 1048576K
}
Event: 0.436 GC heap after
{Heap after GC invocations=1 (full 0):
 garbage-first heap   total 1046528K, used 11664K [0x0000000080000000, 0x0000000100000000)
  region size 1024K, 7 young (7168K), 7 survivors (7168K)
 Metaspace       used 12122K, committed 12352K, reserved 1114112K
  class space    used 1279K, committed 1408K, reserved 1048576K
}
Event: 0.725 GC heap before
{Heap before GC invocations=1 (full 0):
 garbage-first heap   total 1046528K, used 69008K [0x0000000080000000, 0x0000000100000000)
  region size 1024K, 61 young (62464K), 7 survivors (7168K)
 Metaspace       used 17720K, committed 18048K, reserved 1114112K
  class space    used 2028K, committed 2176K, reserved 1048576K
}
Event: 0.727 GC heap after
{Heap after GC invocations=2 (full 0):
 garbage-first heap   total 1046528K, used 19373K [0x0000000080000000, 0x0000000100000000)
  region size 1024K, 7 young (7168K), 7 survivors (7168K)
 Metaspace       used 17720K, committed 18048K, reserved 1114112K
  class space    used 2028K, committed 2176K, reserved 1048576K
}
Event: 0.862 GC heap before
{Heap before GC invocations=2 (full 0):
 garbage-first heap   total 1046528K, used 32685K [0x0000000080000000, 0x0000000100000000)
  region size 1024K, 21 young (21504K), 7 survivors (7168K)
 Metaspace       used 21219K, committed 21504K, reserved 1114112K
  class space    used 2473K, committed 2624K, reserved 1048576K
}
Event: 0.864 GC heap after
{Heap after GC invocations=3 (full 0):
 garbage-first heap   total 1046528K, used 20418K [0x0000000080000000, 0x0000000100000000)
  region size 1024K, 8 young (8192K), 8 survivors (8192K)
 Metaspace       used 21219K, committed 21504K, reserved 1114112K
  class space    used 2473K, committed 2624K, reserved 1048576K
}
Event: 1.266 GC heap before
{Heap before GC invocations=4 (full 0):
 garbage-first heap   total 75776K, used 73666K [0x0000000080000000, 0x0000000100000000)
  region size 1024K, 61 young (62464K), 8 survivors (8192K)
 Metaspace       used 29690K, committed 30272K, reserved 1114112K
  class space    used 3873K, committed 4160K, reserved 1048576K
}
Event: 1.269 GC heap after
{Heap after GC invocations=5 (full 0):
 garbage-first heap   total 87040K, used 23389K [0x0000000080000000, 0x0000000100000000)
  region size 1024K, 11 young (11264K), 11 survivors (11264K)
 Metaspace       used 29690K, committed 30272K, reserved 1114112K
  class space    used 3873K, committed 4160K, reserved 1048576K
}
Event: 1.542 GC heap before
{Heap before GC invocations=5 (full 0):
 garbage-first heap   total 87040K, used 64349K [0x0000000080000000, 0x0000000100000000)
  region size 1024K, 51 young (52224K), 11 survivors (11264K)
 Metaspace       used 35138K, committed 35968K, reserved 1114112K
  class space    used 4770K, committed 5184K, reserved 1048576K
}
Event: 1.544 GC heap after
{Heap after GC invocations=6 (full 0):
 garbage-first heap   total 87040K, used 25627K [0x0000000080000000, 0x0000000100000000)
  region size 1024K, 6 young (6144K), 6 survivors (6144K)
 Metaspace       used 35138K, committed 35968K, reserved 1114112K
  class space    used 4770K, committed 5184K, reserved 1048576K
}
Event: 1.551 GC heap before
{Heap before GC invocations=6 (full 0):
 garbage-first heap   total 87040K, used 25627K [0x0000000080000000, 0x0000000100000000)
  region size 1024K, 7 young (7168K), 6 survivors (6144K)
 Metaspace       used 35241K, committed 36096K, reserved 1114112K
  class space    used 4788K, committed 5248K, reserved 1048576K
}
Event: 1.553 GC heap after
{Heap after GC invocations=7 (full 0):
 garbage-first heap   total 87040K, used 26063K [0x0000000080000000, 0x0000000100000000)
  region size 1024K, 3 young (3072K), 3 survivors (3072K)
 Metaspace       used 35241K, committed 36096K, reserved 1114112K
  class space    used 4788K, committed 5248K, reserved 1048576K
}
Event: 1.839 GC heap before
{Heap before GC invocations=8 (full 0):
 garbage-first heap   total 87040K, used 73167K [0x0000000080000000, 0x0000000100000000)
  region size 1024K, 50 young (51200K), 3 survivors (3072K)
 Metaspace       used 44232K, committed 45440K, reserved 1114112K
  class space    used 5987K, committed 6592K, reserved 1048576K
}
Event: 1.840 GC heap after
{Heap after GC invocations=9 (full 0):
 garbage-first heap   total 87040K, used 29899K [0x0000000080000000, 0x0000000100000000)
  region size 1024K, 7 young (7168K), 7 survivors (7168K)
 Metaspace       used 44232K, committed 45440K, reserved 1114112K
  class space    used 5987K, committed 6592K, reserved 1048576K
}
Event: 1.995 GC heap before
{Heap before GC invocations=9 (full 0):
 garbage-first heap   total 87040K, used 72907K [0x0000000080000000, 0x0000000100000000)
  region size 1024K, 50 young (51200K), 7 survivors (7168K)
 Metaspace       used 46453K, committed 47616K, reserved 1114112K
  class space    used 6253K, committed 6848K, reserved 1048576K
}

